{"/Users/nezhalska/Documents/Study/money-manager-angular/src/app/services/auth.service.ts": {"path":"/Users/nezhalska/Documents/Study/money-manager-angular/src/app/services/auth.service.ts","statementMap":{"0":{"start":{"line":1,"column":0},"end":{"line":1,"column":43}},"1":{"start":{"line":2,"column":0},"end":{"line":2,"column":51}},"2":{"start":{"line":4,"column":0},"end":{"line":4,"column":94}},"3":{"start":{"line":14,"column":24},"end":{"line":14,"column":44}},"4":{"start":{"line":10,"column":10},"end":{"line":10,"column":28}},"5":{"start":{"line":18,"column":10},"end":{"line":18,"column":59}},"6":{"start":{"line":15,"column":4},"end":{"line":15,"column":47}},"7":{"start":{"line":21,"column":4},"end":{"line":21,"column":42}},"8":{"start":{"line":25,"column":4},"end":{"line":25,"column":38}},"9":{"start":{"line":29,"column":4},"end":{"line":29,"column":39}},"10":{"start":{"line":33,"column":4},"end":{"line":33,"column":27}},"11":{"start":{"line":42,"column":4},"end":{"line":45,"column":7}},"12":{"start":{"line":9,"column":13},"end":{"line":47,"column":null}},"13":{"start":{"line":9,"column":13},"end":{"line":9,"column":24}}},"fnMap":{"0":{"name":"(anonymous_0)","decl":{"start":{"line":14,"column":2},"end":{"line":14,"column":24}},"loc":{"start":{"line":14,"column":44},"end":{"line":16,"column":3}}},"1":{"name":"(anonymous_1)","decl":{"start":{"line":20,"column":2},"end":{"line":20,"column":6}},"loc":{"start":{"line":20,"column":16},"end":{"line":22,"column":3}}},"2":{"name":"(anonymous_2)","decl":{"start":{"line":24,"column":2},"end":{"line":24,"column":7}},"loc":{"start":{"line":24,"column":7},"end":{"line":26,"column":3}}},"3":{"name":"(anonymous_3)","decl":{"start":{"line":28,"column":2},"end":{"line":28,"column":8}},"loc":{"start":{"line":28,"column":8},"end":{"line":30,"column":3}}},"4":{"name":"(anonymous_4)","decl":{"start":{"line":32,"column":2},"end":{"line":32,"column":13}},"loc":{"start":{"line":32,"column":13},"end":{"line":34,"column":3}}},"5":{"name":"(anonymous_5)","decl":{"start":{"line":41,"column":9},"end":{"line":41,"column":17}},"loc":{"start":{"line":41,"column":27},"end":{"line":46,"column":3}}}},"branchMap":{},"s":{"0":1,"1":1,"2":1,"3":5,"4":5,"5":5,"6":5,"7":3,"8":1,"9":1,"10":1,"11":1,"12":1,"13":1},"f":{"0":5,"1":3,"2":1,"3":1,"4":1,"5":1},"b":{}}
,"/Users/nezhalska/Documents/Study/money-manager-angular/src/app/services/blog.service.ts": {"path":"/Users/nezhalska/Documents/Study/money-manager-angular/src/app/services/blog.service.ts","statementMap":{"0":{"start":{"line":1,"column":0},"end":{"line":1,"column":43}},"1":{"start":{"line":2,"column":0},"end":{"line":2,"column":45}},"2":{"start":{"line":11,"column":24},"end":{"line":11,"column":48}},"3":{"start":{"line":14,"column":4},"end":{"line":14,"column":37}},"4":{"start":{"line":18,"column":20},"end":{"line":18,"column":33}},"5":{"start":{"line":19,"column":4},"end":{"line":19,"column":41}},"6":{"start":{"line":23,"column":4},"end":{"line":23,"column":44}},"7":{"start":{"line":27,"column":20},"end":{"line":27,"column":33}},"8":{"start":{"line":28,"column":4},"end":{"line":28,"column":49}},"9":{"start":{"line":32,"column":20},"end":{"line":32,"column":28}},"10":{"start":{"line":33,"column":4},"end":{"line":33,"column":44}},"11":{"start":{"line":9,"column":13},"end":{"line":35,"column":null}},"12":{"start":{"line":9,"column":13},"end":{"line":9,"column":24}}},"fnMap":{"0":{"name":"(anonymous_0)","decl":{"start":{"line":11,"column":2},"end":{"line":11,"column":24}},"loc":{"start":{"line":11,"column":48},"end":{"line":11,"column":52}}},"1":{"name":"(anonymous_1)","decl":{"start":{"line":13,"column":2},"end":{"line":13,"column":10}},"loc":{"start":{"line":13,"column":22},"end":{"line":15,"column":3}}},"2":{"name":"(anonymous_2)","decl":{"start":{"line":17,"column":2},"end":{"line":17,"column":13}},"loc":{"start":{"line":17,"column":37},"end":{"line":20,"column":3}}},"3":{"name":"(anonymous_3)","decl":{"start":{"line":22,"column":2},"end":{"line":22,"column":14}},"loc":{"start":{"line":22,"column":42},"end":{"line":24,"column":3}}},"4":{"name":"(anonymous_4)","decl":{"start":{"line":26,"column":2},"end":{"line":26,"column":15}},"loc":{"start":{"line":26,"column":43},"end":{"line":29,"column":3}}},"5":{"name":"(anonymous_5)","decl":{"start":{"line":31,"column":2},"end":{"line":31,"column":16}},"loc":{"start":{"line":31,"column":40},"end":{"line":34,"column":3}}}},"branchMap":{},"s":{"0":1,"1":1,"2":8,"3":2,"4":1,"5":1,"6":2,"7":1,"8":1,"9":1,"10":1,"11":1,"12":1},"f":{"0":8,"1":2,"2":1,"3":2,"4":1,"5":1},"b":{}}
,"/Users/nezhalska/Documents/Study/money-manager-angular/src/app/services/currency.service.ts": {"path":"/Users/nezhalska/Documents/Study/money-manager-angular/src/app/services/currency.service.ts","statementMap":{"0":{"start":{"line":1,"column":0},"end":{"line":1,"column":43}},"1":{"start":{"line":4,"column":0},"end":{"line":4,"column":45}},"2":{"start":{"line":12,"column":24},"end":{"line":12,"column":48}},"3":{"start":{"line":10,"column":2},"end":{"line":10,"column":29}},"4":{"start":{"line":15,"column":4},"end":{"line":15,"column":37}},"5":{"start":{"line":9,"column":13},"end":{"line":17,"column":null}},"6":{"start":{"line":9,"column":13},"end":{"line":9,"column":28}}},"fnMap":{"0":{"name":"(anonymous_0)","decl":{"start":{"line":12,"column":2},"end":{"line":12,"column":24}},"loc":{"start":{"line":12,"column":48},"end":{"line":12,"column":52}}},"1":{"name":"(anonymous_1)","decl":{"start":{"line":14,"column":2},"end":{"line":14,"column":17}},"loc":{"start":{"line":14,"column":29},"end":{"line":16,"column":3}}}},"branchMap":{},"s":{"0":1,"1":1,"2":2,"3":2,"4":1,"5":1,"6":1},"f":{"0":2,"1":1},"b":{}}
,"/Users/nezhalska/Documents/Study/money-manager-angular/src/app/services/http.service.ts": {"path":"/Users/nezhalska/Documents/Study/money-manager-angular/src/app/services/http.service.ts","statementMap":{"0":{"start":{"line":1,"column":0},"end":{"line":1,"column":43}},"1":{"start":{"line":2,"column":0},"end":{"line":2,"column":44}},"2":{"start":{"line":8,"column":7},"end":{"line":49,"column":null}},"3":{"start":{"line":10,"column":4},"end":{"line":31,"column":7}},"4":{"start":{"line":11,"column":18},"end":{"line":11,"column":38}},"5":{"start":{"line":12,"column":6},"end":{"line":12,"column":34}},"6":{"start":{"line":13,"column":6},"end":{"line":13,"column":32}},"7":{"start":{"line":14,"column":6},"end":{"line":14,"column":78}},"8":{"start":{"line":15,"column":6},"end":{"line":28,"column":8}},"9":{"start":{"line":16,"column":8},"end":{"line":16,"column":62}},"10":{"start":{"line":17,"column":8},"end":{"line":19,"column":null}},"11":{"start":{"line":18,"column":10},"end":{"line":18,"column":17}},"12":{"start":{"line":21,"column":8},"end":{"line":27,"column":null}},"13":{"start":{"line":22,"column":10},"end":{"line":22,"column":38}},"14":{"start":{"line":23,"column":10},"end":{"line":23,"column":30}},"15":{"start":{"line":25,"column":10},"end":{"line":25,"column":65}},"16":{"start":{"line":26,"column":10},"end":{"line":26,"column":39}},"17":{"start":{"line":30,"column":6},"end":{"line":30,"column":57}},"18":{"start":{"line":35,"column":4},"end":{"line":35,"column":48}},"19":{"start":{"line":39,"column":4},"end":{"line":39,"column":55}},"20":{"start":{"line":43,"column":4},"end":{"line":43,"column":56}},"21":{"start":{"line":47,"column":4},"end":{"line":47,"column":51}},"22":{"start":{"line":8,"column":13},"end":{"line":49,"column":null}},"23":{"start":{"line":8,"column":13},"end":{"line":8,"column":24}}},"fnMap":{"0":{"name":"(anonymous_0)","decl":{"start":{"line":9,"column":10},"end":{"line":9,"column":29}},"loc":{"start":{"line":9,"column":69},"end":{"line":32,"column":3}}},"1":{"name":"(anonymous_1)","decl":{"start":{"line":10,"column":26},"end":{"line":10,"column":27}},"loc":{"start":{"line":10,"column":54},"end":{"line":31,"column":5}}},"2":{"name":"(anonymous_2)","decl":{"start":{"line":15,"column":31},"end":{"line":15,"column":34}},"loc":{"start":{"line":15,"column":36},"end":{"line":28,"column":7}}},"3":{"name":"(anonymous_3)","decl":{"start":{"line":34,"column":2},"end":{"line":34,"column":5}},"loc":{"start":{"line":34,"column":17},"end":{"line":36,"column":3}}},"4":{"name":"(anonymous_4)","decl":{"start":{"line":38,"column":2},"end":{"line":38,"column":6}},"loc":{"start":{"line":38,"column":29},"end":{"line":40,"column":3}}},"5":{"name":"(anonymous_5)","decl":{"start":{"line":42,"column":2},"end":{"line":42,"column":7}},"loc":{"start":{"line":42,"column":30},"end":{"line":44,"column":3}}},"6":{"name":"(anonymous_6)","decl":{"start":{"line":46,"column":2},"end":{"line":46,"column":8}},"loc":{"start":{"line":46,"column":20},"end":{"line":48,"column":3}}}},"branchMap":{"0":{"loc":{"start":{"line":17,"column":8},"end":{"line":19,"column":null}},"type":"if","locations":[{"start":{"line":17,"column":8},"end":{"line":19,"column":null}}]},"1":{"loc":{"start":{"line":21,"column":8},"end":{"line":27,"column":null}},"type":"if","locations":[{"start":{"line":21,"column":8},"end":{"line":27,"column":null}},{"start":{"line":24,"column":15},"end":{"line":27,"column":null}}]},"2":{"loc":{"start":{"line":21,"column":12},"end":{"line":21,"column":49}},"type":"binary-expr","locations":[{"start":{"line":21,"column":12},"end":{"line":21,"column":29}},{"start":{"line":21,"column":33},"end":{"line":21,"column":49}}]},"3":{"loc":{"start":{"line":30,"column":6},"end":{"line":30,"column":56}},"type":"cond-expr","locations":[{"start":{"line":30,"column":13},"end":{"line":30,"column":43}},{"start":{"line":30,"column":46},"end":{"line":30,"column":56}}]}},"s":{"0":3,"1":3,"2":3,"3":4,"4":4,"5":4,"6":4,"7":4,"8":4,"9":4,"10":4,"11":0,"12":4,"13":3,"14":3,"15":1,"16":1,"17":4,"18":2,"19":1,"20":1,"21":0,"22":3,"23":3},"f":{"0":4,"1":4,"2":4,"3":2,"4":1,"5":1,"6":0},"b":{"0":[0],"1":[3,1],"2":[4,4],"3":[2,2]}}
,"/Users/nezhalska/Documents/Study/money-manager-angular/src/app/services/manage.service.ts": {"path":"/Users/nezhalska/Documents/Study/money-manager-angular/src/app/services/manage.service.ts","statementMap":{"0":{"start":{"line":1,"column":0},"end":{"line":1,"column":43}},"1":{"start":{"line":4,"column":0},"end":{"line":4,"column":94}},"2":{"start":{"line":15,"column":22},"end":{"line":15,"column":42}},"3":{"start":{"line":11,"column":10},"end":{"line":11,"column":35}},"4":{"start":{"line":16,"column":4},"end":{"line":16,"column":50}},"5":{"start":{"line":20,"column":4},"end":{"line":20,"column":28}},"6":{"start":{"line":24,"column":4},"end":{"line":30,"column":8}},"7":{"start":{"line":34,"column":4},"end":{"line":34,"column":45}},"8":{"start":{"line":38,"column":4},"end":{"line":38,"column":54}},"9":{"start":{"line":10,"column":13},"end":{"line":40,"column":null}},"10":{"start":{"line":10,"column":13},"end":{"line":10,"column":26}}},"fnMap":{"0":{"name":"(anonymous_0)","decl":{"start":{"line":15,"column":2},"end":{"line":15,"column":22}},"loc":{"start":{"line":15,"column":42},"end":{"line":17,"column":3}}},"1":{"name":"(anonymous_1)","decl":{"start":{"line":19,"column":9},"end":{"line":19,"column":24}},"loc":{"start":{"line":19,"column":24},"end":{"line":21,"column":3}}},"2":{"name":"(anonymous_2)","decl":{"start":{"line":23,"column":9},"end":{"line":23,"column":23}},"loc":{"start":{"line":23,"column":33},"end":{"line":31,"column":3}}},"3":{"name":"(anonymous_3)","decl":{"start":{"line":33,"column":9},"end":{"line":33,"column":14}},"loc":{"start":{"line":33,"column":43},"end":{"line":35,"column":3}}},"4":{"name":"(anonymous_4)","decl":{"start":{"line":37,"column":9},"end":{"line":37,"column":26}},"loc":{"start":{"line":37,"column":36},"end":{"line":39,"column":3}}}},"branchMap":{},"s":{"0":1,"1":1,"2":5,"3":5,"4":5,"5":1,"6":1,"7":1,"8":1,"9":1,"10":1},"f":{"0":5,"1":1,"2":1,"3":1,"4":1},"b":{}}
}
